Oct-25 12:57:47.781 [main] DEBUG nextflow.cli.Launcher - $> nextflow run main.nf --query changethistext
Oct-25 12:57:48.059 [main] INFO  nextflow.cli.CmdRun - N E X T F L O W  ~  version 21.04.3
Oct-25 12:57:48.106 [main] INFO  nextflow.cli.CmdRun - Launching `main.nf` [agitated_mahavira] - revision: 0c0d9cfaf8
Oct-25 12:57:48.138 [main] DEBUG nextflow.config.ConfigBuilder - Found config local: /projects/bolcun-filas-lab/PK/Supporting_Dirs/GitHub_Packages/NextFlowTutorial/nextflow.config
Oct-25 12:57:48.139 [main] DEBUG nextflow.config.ConfigBuilder - Parsing config file: /projects/bolcun-filas-lab/PK/Supporting_Dirs/GitHub_Packages/NextFlowTutorial/nextflow.config
Oct-25 12:57:48.204 [main] DEBUG nextflow.config.ConfigBuilder - Applying config profile: `standard`
Oct-25 12:57:49.595 [main] DEBUG nextflow.plugin.PluginsFacade - Setting up plugin manager > mode=prod; plugins-dir=/home/kumarpa/.nextflow/plugins
Oct-25 12:57:49.607 [main] DEBUG nextflow.plugin.PluginsFacade - Plugins default=[]
Oct-25 12:57:49.609 [main] DEBUG nextflow.plugin.PluginsFacade - Plugins local root: .nextflow/plr/empty
Oct-25 12:57:49.616 [main] INFO  org.pf4j.DefaultPluginStatusProvider - Enabled plugins: []
Oct-25 12:57:49.618 [main] INFO  org.pf4j.DefaultPluginStatusProvider - Disabled plugins: []
Oct-25 12:57:49.621 [main] INFO  org.pf4j.DefaultPluginManager - PF4J version 3.4.1 in 'deployment' mode
Oct-25 12:57:49.642 [main] INFO  org.pf4j.AbstractPluginManager - No plugins
Oct-25 12:57:49.729 [main] DEBUG nextflow.Session - Session uuid: e113cf31-55e3-4910-872c-c59eb6809c6d
Oct-25 12:57:49.730 [main] DEBUG nextflow.Session - Run name: agitated_mahavira
Oct-25 12:57:49.730 [main] DEBUG nextflow.Session - Executor pool size: 2
Oct-25 12:57:49.758 [main] DEBUG nextflow.cli.CmdRun - 
  Version: 21.04.3 build 5560
  Created: 21-07-2021 15:09 UTC (11:09 EDT)
  System: Linux 3.10.0-1062.1.2.el7.x86_64
  Runtime: Groovy 3.0.7 on OpenJDK 64-Bit Server VM 1.8.0_222-b10
  Encoding: UTF-8 (UTF-8)
  Process: 205409@sumner092 [10.5.33.92]
  CPUs: 1 - Mem: 754.6 GB (81.5 GB) - Swap: 63.9 GB (61.5 GB)
Oct-25 12:57:49.824 [main] DEBUG nextflow.Session - Work-dir: /projects/bolcun-filas-lab/PK/Supporting_Dirs/GitHub_Packages/NextFlowTutorial/work [nfs]
Oct-25 12:57:49.825 [main] DEBUG nextflow.Session - Script base path does not exist or is not a directory: /projects/bolcun-filas-lab/PK/Supporting_Dirs/GitHub_Packages/NextFlowTutorial/bin
Oct-25 12:57:49.837 [main] DEBUG nextflow.executor.ExecutorFactory - Extension executors providers=[]
Oct-25 12:57:49.860 [main] DEBUG nextflow.Session - Observer factory: DefaultObserverFactory
Oct-25 12:57:50.089 [main] DEBUG nextflow.Session - Session start invoked
Oct-25 12:57:50.452 [main] DEBUG nextflow.script.ScriptRunner - > Launching execution
Oct-25 12:57:50.488 [main] DEBUG nextflow.Session - Workflow process names [dsl1]: 
Oct-25 12:57:50.491 [main] INFO  nextflow.script.BaseScript - I will BLAST changethistext against myBlastDatabase
Oct-25 12:57:50.496 [main] DEBUG nextflow.script.ScriptRunner - > Await termination 
Oct-25 12:57:50.496 [main] DEBUG nextflow.Session - Session await
Oct-25 12:57:50.496 [main] DEBUG nextflow.Session - Session await > all process finished
Oct-25 12:57:50.497 [main] DEBUG nextflow.Session - Session await > all barriers passed
Oct-25 12:57:50.513 [main] DEBUG nextflow.trace.WorkflowStatsObserver - Workflow completed > WorkflowStats[succeededCount=0; failedCount=0; ignoredCount=0; cachedCount=0; pendingCount=0; submittedCount=0; runningCount=0; retriesCount=0; abortedCount=0; succeedDuration=0ms; failedDuration=0ms; cachedDuration=0ms;loadCpus=0; loadMemory=0; peakRunning=0; peakCpus=0; peakMemory=0; ]
Oct-25 12:57:50.572 [main] DEBUG nextflow.CacheDB - Closing CacheDB done
Oct-25 12:57:50.614 [main] DEBUG nextflow.script.ScriptRunner - > Execution complete -- Goodbye
